<?xml version="1.0" encoding="UTF-8"?>
<testsuite xmlns:xsi="http://www.w3.org/2001/XMLSchema-instance" xsi:noNamespaceSchemaLocation="https://maven.apache.org/surefire/maven-surefire-plugin/xsd/surefire-test-report-3.0.xsd" version="3.0" name="exam.service.MediathequeServiceTest" time="0.346" tests="21" errors="0" skipped="0" failures="0">
  <properties>
[...]
</properties>
  <testcase name="emprunter_avecDifferentQuotas_doitRespecterQuota(int)[1]" classname="exam.service.MediathequeServiceTest" time="0.135"/>
  <testcase name="emprunter_avecDifferentQuotas_doitRespecterQuota(int)[2]" classname="exam.service.MediathequeServiceTest" time="0.004"/>
  <testcase name="emprunter_avecDifferentQuotas_doitRespecterQuota(int)[3]" classname="exam.service.MediathequeServiceTest" time="0.004"/>
  <testcase name="emprunter_quandMembreInexistant_doitLeverIllegalStateException" classname="exam.service.MediathequeServiceTest" time="0.006"/>
  <testcase name="rendre_quandEmpruntValide_doitMettreAJourEmpruntEtOeuvre" classname="exam.service.MediathequeServiceTest" time="0.005"/>
  <testcase name="emprunter_quandOeuvreInexistante_doitLeverIllegalStateException" classname="exam.service.MediathequeServiceTest" time="0.002"/>
  <testcase name="listerEmpruntsActifsPourMembre_doitRetournerEmpruntsActifs" classname="exam.service.MediathequeServiceTest" time="0.004"/>
  <testcase name="emprunter_quandOeuvreDejaEmpruntee_doitLeverIllegalStateException" classname="exam.service.MediathequeServiceTest" time="0.001"/>
  <testcase name="retour_doitLibererPlaceDansQuota" classname="exam.service.MediathequeServiceTest" time="0.003"/>
  <testcase name="emprunter_quandIdentifiantsInvalides_doitLeverIllegalArgumentException" classname="exam.service.MediathequeServiceTest" time="0.001"/>
  <testcase name="rendre_quandDoubleRetour_doitLeverIllegalStateException" classname="exam.service.MediathequeServiceTest" time="0.002"/>
  <testcase name="ajouterMembre_doitSauvegarderMembre" classname="exam.service.MediathequeServiceTest" time="0.003"/>
  <testcase name="rendre_quandIdentifiantInvalide_doitLeverIllegalArgumentException" classname="exam.service.MediathequeServiceTest" time="0.001"/>
  <testcase name="emprunter_quandMembreInactif_doitLeverIllegalStateException" classname="exam.service.MediathequeServiceTest" time="0.003"/>
  <testcase name="disponibles_doitRetournerListeOeuvresDisponibles" classname="exam.service.MediathequeServiceTest" time="0.003"/>
  <testcase name="emprunter_quandConditionsValides_doitCreerEmprunt" classname="exam.service.MediathequeServiceTest" time="0.002"/>
  <testcase name="cycleComplet_emprunterRendreReemprunter_doitFonctionner" classname="exam.service.MediathequeServiceTest" time="0.003"/>
  <testcase name="listerEmpruntsActifsPourMembre_quandIdentifiantInvalide_doitLeverIllegalArgumentException" classname="exam.service.MediathequeServiceTest" time="0.003"/>
  <testcase name="ajouterOeuvre_doitSauvegarderOeuvre" classname="exam.service.MediathequeServiceTest" time="0.003"/>
  <testcase name="emprunter_quandQuotaAtteint_doitLeverIllegalStateException" classname="exam.service.MediathequeServiceTest" time="0.002"/>
  <testcase name="rendre_quandEmpruntInexistant_doitLeverIllegalStateException" classname="exam.service.MediathequeServiceTest" time="0.002"/>
</testsuite>